#
# There is insufficient memory for the Java Runtime Environment to continue.
# Native memory allocation (mmap) failed to map 113246208 bytes for committing reserved memory.
# Possible reasons:
#   The system is out of physical RAM or swap space
#   In 32 bit mode, the process size limit was hit
# Possible solutions:
#   Reduce memory load on the system
#   Increase physical memory or swap space
#   Check if swap backing store is full
#   Use 64 bit Java on a 64 bit OS
#   Decrease Java heap size (-Xmx/-Xms)
#   Decrease number of Java threads
#   Decrease Java thread stack sizes (-Xss)
#   Set larger code cache with -XX:ReservedCodeCacheSize=
# This output file may be truncated or incomplete.
#
#  Out of Memory Error (os_linux.cpp:2673), pid=32163, tid=140663944877824
#
# JRE version: Java(TM) SE Runtime Environment (8.0_40-b25) (build 1.8.0_40-b25)
# Java VM: Java HotSpot(TM) 64-Bit Server VM (25.40-b25 mixed mode linux-amd64 compressed oops)
# Failed to write core dump. Core dumps have been disabled. To enable core dumping, try "ulimit -c unlimited" before starting Java again
#

---------------  T H R E A D  ---------------

Current thread (0x00007feedc072800):  VMThread [stack: 0x00007feee0679000,0x00007feee077a000] [id=32175]

Stack: [0x00007feee0679000,0x00007feee077a000],  sp=0x00007feee0778240,  free space=1020k
Native frames: (J=compiled Java code, j=interpreted, Vv=VM code, C=native code)
V  [libjvm.so+0xaaca9a]  VMError::report_and_die()+0x2ba
V  [libjvm.so+0x4f333b]  report_vm_out_of_memory(char const*, int, unsigned long, VMErrorType, char const*)+0x8b
V  [libjvm.so+0x90e8c3]  os::Linux::commit_memory_impl(char*, unsigned long, bool)+0x103
V  [libjvm.so+0x90ee19]  os::pd_commit_memory(char*, unsigned long, unsigned long, bool)+0x29
V  [libjvm.so+0x90877a]  os::commit_memory(char*, unsigned long, unsigned long, bool)+0x2a
V  [libjvm.so+0x97bbc3]  PSVirtualSpace::expand_by(unsigned long)+0x53
V  [libjvm.so+0x97cfc8]  PSYoungGen::resize_generation(unsigned long, unsigned long)+0xf8
V  [libjvm.so+0x97c122]  PSYoungGen::resize(unsigned long, unsigned long)+0x22
V  [libjvm.so+0x9793fb]  PSScavenge::invoke_no_policy()+0xf7b
V  [libjvm.so+0x974655]  PSParallelCompact::invoke(bool)+0x85
V  [libjvm.so+0x47c264]  CollectedHeap::collect_as_vm_thread(GCCause::Cause)+0x114
V  [libjvm.so+0xaadcd1]  VM_CollectForMetadataAllocation::doit()+0x161
V  [libjvm.so+0xab5ac5]  VM_Operation::evaluate()+0x55
V  [libjvm.so+0xab3e9a]  VMThread::evaluate_operation(VM_Operation*)+0xba
V  [libjvm.so+0xab421e]  VMThread::loop()+0x1ce
V  [libjvm.so+0xab4690]  VMThread::run()+0x70
V  [libjvm.so+0x910ee8]  java_start(Thread*)+0x108

VM_Operation (0x00007feee5420630): CollectForMetadataAllocation, mode: safepoint, requested by thread 0x00007feedc008800


---------------  P R O C E S S  ---------------

Java Threads: ( => current thread )
  0x00007feedc0bb800 JavaThread "Service Thread" daemon [_thread_blocked, id=32181, stack(0x00007feee0073000,0x00007feee0174000)]
  0x00007feedc0b6800 JavaThread "C1 CompilerThread1" daemon [_thread_blocked, id=32180, stack(0x00007feee0174000,0x00007feee0275000)]
  0x00007feedc0b3800 JavaThread "C2 CompilerThread0" daemon [_thread_blocked, id=32179, stack(0x00007feee0275000,0x00007feee0376000)]
  0x00007feedc0b2000 JavaThread "Signal Dispatcher" daemon [_thread_blocked, id=32178, stack(0x00007feee0376000,0x00007feee0477000)]
  0x00007feedc079800 JavaThread "Finalizer" daemon [_thread_blocked, id=32177, stack(0x00007feee0477000,0x00007feee0578000)]
  0x00007feedc077800 JavaThread "Reference Handler" daemon [_thread_blocked, id=32176, stack(0x00007feee0578000,0x00007feee0679000)]
  0x00007feedc008800 JavaThread "main" [_thread_blocked, id=32172, stack(0x00007feee5324000,0x00007feee5425000)]

Other Threads:
=>0x00007feedc072800 VMThread [stack: 0x00007feee0679000,0x00007feee077a000] [id=32175]
  0x00007feedc0be000 WatcherThread [stack: 0x00007feecceff000,0x00007feecd000000] [id=32182]

VM state:at safepoint (normal execution)

VM Mutex/Monitor currently owned by a thread:  ([mutex/lock_event])
[0x00007feedc0060e0] Threads_lock - owner thread: 0x00007feedc072800
[0x00007feedc0065e0] Heap_lock - owner thread: 0x00007feedc008800
[0x00007feedc006b60] MethodData_lock - owner thread: 0x00007feedc008800

Heap:
 PSYoungGen      total 133120K, used 9860K [0x00000000d8980000, 0x00000000e2080000, 0x0000000100000000)
  eden space 117248K, 0% used [0x00000000d8980000,0x00000000d8980000,0x00000000dfc00000)
  from space 15872K, 62% used [0x00000000dfc00000,0x00000000e05a11b0,0x00000000e0b80000)
  to   space 10240K, 0% used [0x00000000e0b80000,0x00000000e0b80000,0x00000000e1580000)
 ParOldGen       total 81920K, used 18935K [0x0000000089c00000, 0x000000008ec00000, 0x00000000d8980000)
  object space 81920K, 23% used [0x0000000089c00000,0x000000008ae7de70,0x000000008ec00000)
 Metaspace       used 20811K, capacity 21178K, committed 21296K, reserved 1069056K
  class space    used 2523K, capacity 2645K, committed 2688K, reserved 1048576K

Card table byte_map: [0x00007feee236c000,0x00007feee271f000] byte_map_base: 0x00007feee1f1e000

Marking Bits: (ParMarkBitMap*) 0x00007feee47ef6c0
 Begin Bits: [0x00007feec44e0000, 0x00007feec6270000)
 End Bits:   [0x00007feec6270000, 0x00007feec8000000)

Polling page: 0x00007feee5430000

CodeCache: size=245760Kb used=11041Kb max_used=11041Kb free=234718Kb
 bounds [0x00007feecd000000, 0x00007feecdad0000, 0x00007feedc000000]
 total_blobs=3790 nmethods=3425 adapters=278
 compilation: enabled

Compilation events (10 events):
Event: 7.709 Thread 0x00007feedc0b6800 nmethod 3423 0x00007feecdacc090 code [0x00007feecdacc260, 0x00007feecdacc9c8]
Event: 7.712 Thread 0x00007feedc0b6800 3430       3       com.sun.tools.javac.jvm.ClassReader$6::read (81 bytes)
Event: 7.713 Thread 0x00007feedc0b6800 nmethod 3430 0x00007feecdaccb90 code [0x00007feecdaccda0, 0x00007feecdacd748]
Event: 7.713 Thread 0x00007feedc0b6800 3429       3       com.sun.tools.javac.jvm.ClassReader::readClassSymbol (55 bytes)
Event: 7.714 Thread 0x00007feedc0b6800 nmethod 3429 0x00007feecdacdcd0 code [0x00007feecdacdf20, 0x00007feecdacee18]
Event: 7.714 Thread 0x00007feedc0b6800 3431       3       com.sun.tools.javac.code.Type$MethodType::asMethodType (2 bytes)
Event: 7.714 Thread 0x00007feedc0b6800 nmethod 3431 0x00007feecdacf510 code [0x00007feecdacf660, 0x00007feecdacf7b0]
Event: 7.714 Thread 0x00007feedc0b6800 3432       1       java.util.Formatter::access$000 (5 bytes)
Event: 7.714 Thread 0x00007feedc0b6800 nmethod 3432 0x00007feecdacf850 code [0x00007feecdacf9a0, 0x00007feecdacfa90]
Event: 7.721 Thread 0x00007feedc0b6800 3434       3       com.sun.tools.javac.code.Scope::getElementsByName (11 bytes)

GC Heap History (10 events):
Event: 1.565 GC heap after
Heap after GC invocations=2 (full 0):
 PSYoungGen      total 35840K, used 5110K [0x00000000d8980000, 0x00000000dcf80000, 0x0000000100000000)
  eden space 30720K, 0% used [0x00000000d8980000,0x00000000d8980000,0x00000000da780000)
  from space 5120K, 99% used [0x00000000dac80000,0x00000000db17db90,0x00000000db180000)
  to   space 5120K, 0% used [0x00000000da780000,0x00000000da780000,0x00000000dac80000)
 ParOldGen       total 81920K, used 2011K [0x0000000089c00000, 0x000000008ec00000, 0x00000000d8980000)
  object space 81920K, 2% used [0x0000000089c00000,0x0000000089df6ff8,0x000000008ec00000)
 Metaspace       used 11617K, capacity 11822K, committed 12160K, reserved 1060864K
  class space    used 1476K, capacity 1573K, committed 1664K, reserved 1048576K
}
Event: 2.429 GC heap before
{Heap before GC invocations=3 (full 0):
 PSYoungGen      total 35840K, used 35830K [0x00000000d8980000, 0x00000000dcf80000, 0x0000000100000000)
  eden space 30720K, 100% used [0x00000000d8980000,0x00000000da780000,0x00000000da780000)
  from space 5120K, 99% used [0x00000000dac80000,0x00000000db17db90,0x00000000db180000)
  to   space 5120K, 0% used [0x00000000da780000,0x00000000da780000,0x00000000dac80000)
 ParOldGen       total 81920K, used 2011K [0x0000000089c00000, 0x000000008ec00000, 0x00000000d8980000)
  object space 81920K, 2% used [0x0000000089c00000,0x0000000089df6ff8,0x000000008ec00000)
 Metaspace       used 14343K, capacity 14562K, committed 14720K, reserved 1062912K
  class space    used 1772K, capacity 1875K, committed 1920K, reserved 1048576K
Event: 2.443 GC heap after
Heap after GC invocations=3 (full 0):
 PSYoungGen      total 35840K, used 5088K [0x00000000d8980000, 0x00000000dcf80000, 0x0000000100000000)
  eden space 30720K, 0% used [0x00000000d8980000,0x00000000d8980000,0x00000000da780000)
  from space 5120K, 99% used [0x00000000da780000,0x00000000dac78020,0x00000000dac80000)
  to   space 5120K, 0% used [0x00000000dca80000,0x00000000dca80000,0x00000000dcf80000)
 ParOldGen       total 81920K, used 4116K [0x0000000089c00000, 0x000000008ec00000, 0x00000000d8980000)
  object space 81920K, 5% used [0x0000000089c00000,0x000000008a005090,0x000000008ec00000)
 Metaspace       used 14343K, capacity 14562K, committed 14720K, reserved 1062912K
  class space    used 1772K, capacity 1875K, committed 1920K, reserved 1048576K
}
Event: 3.009 GC heap before
{Heap before GC invocations=4 (full 0):
 PSYoungGen      total 35840K, used 35808K [0x00000000d8980000, 0x00000000dcf80000, 0x0000000100000000)
  eden space 30720K, 100% used [0x00000000d8980000,0x00000000da780000,0x00000000da780000)
  from space 5120K, 99% used [0x00000000da780000,0x00000000dac78020,0x00000000dac80000)
  to   space 5120K, 0% used [0x00000000dca80000,0x00000000dca80000,0x00000000dcf80000)
 ParOldGen       total 81920K, used 4116K [0x0000000089c00000, 0x000000008ec00000, 0x00000000d8980000)
  object space 81920K, 5% used [0x0000000089c00000,0x000000008a005090,0x000000008ec00000)
 Metaspace       used 14639K, capacity 14860K, committed 14976K, reserved 1062912K
  class space    used 1781K, capacity 1882K, committed 1920K, reserved 1048576K
Event: 3.041 GC heap after
Heap after GC invocations=4 (full 0):
 PSYoungGen      total 66560K, used 5104K [0x00000000d8980000, 0x00000000dcf80000, 0x0000000100000000)
  eden space 61440K, 0% used [0x00000000d8980000,0x00000000d8980000,0x00000000dc580000)
  from space 5120K, 99% used [0x00000000dca80000,0x00000000dcf7c010,0x00000000dcf80000)
  to   space 5120K, 0% used [0x00000000dc580000,0x00000000dc580000,0x00000000dca80000)
 ParOldGen       total 81920K, used 6196K [0x0000000089c00000, 0x000000008ec00000, 0x00000000d8980000)
  object space 81920K, 7% used [0x0000000089c00000,0x000000008a20d0a0,0x000000008ec00000)
 Metaspace       used 14639K, capacity 14860K, committed 14976K, reserved 1062912K
  class space    used 1781K, capacity 1882K, committed 1920K, reserved 1048576K
}
Event: 4.156 GC heap before
{Heap before GC invocations=5 (full 0):
 PSYoungGen      total 66560K, used 66544K [0x00000000d8980000, 0x00000000dcf80000, 0x0000000100000000)
  eden space 61440K, 100% used [0x00000000d8980000,0x00000000dc580000,0x00000000dc580000)
  from space 5120K, 99% used [0x00000000dca80000,0x00000000dcf7c010,0x00000000dcf80000)
  to   space 5120K, 0% used [0x00000000dc580000,0x00000000dc580000,0x00000000dca80000)
 ParOldGen       total 81920K, used 6196K [0x0000000089c00000, 0x000000008ec00000, 0x00000000d8980000)
  object space 81920K, 7% used [0x0000000089c00000,0x000000008a20d0a0,0x000000008ec00000)
 Metaspace       used 15658K, capacity 16022K, committed 16128K, reserved 1062912K
  class space    used 1872K, capacity 1989K, committed 2048K, reserved 1048576K
Event: 4.177 GC heap after
Heap after GC invocations=5 (full 0):
 PSYoungGen      total 66560K, used 5088K [0x00000000d8980000, 0x00000000e1580000, 0x0000000100000000)
  eden space 61440K, 0% used [0x00000000d8980000,0x00000000d8980000,0x00000000dc580000)
  from space 5120K, 99% used [0x00000000dc580000,0x00000000dca78020,0x00000000dca80000)
  to   space 10240K, 0% used [0x00000000e0b80000,0x00000000e0b80000,0x00000000e1580000)
 ParOldGen       total 81920K, used 10037K [0x0000000089c00000, 0x000000008ec00000, 0x00000000d8980000)
  object space 81920K, 12% used [0x0000000089c00000,0x000000008a5cd7d0,0x000000008ec00000)
 Metaspace       used 15658K, capacity 16022K, committed 16128K, reserved 1062912K
  class space    used 1872K, capacity 1989K, committed 2048K, reserved 1048576K
}
Event: 6.952 GC heap before
{Heap before GC invocations=6 (full 0):
 PSYoungGen      total 66560K, used 66528K [0x00000000d8980000, 0x00000000e1580000, 0x0000000100000000)
  eden space 61440K, 100% used [0x00000000d8980000,0x00000000dc580000,0x00000000dc580000)
  from space 5120K, 99% used [0x00000000dc580000,0x00000000dca78020,0x00000000dca80000)
  to   space 10240K, 0% used [0x00000000e0b80000,0x00000000e0b80000,0x00000000e1580000)
 ParOldGen       total 81920K, used 10037K [0x0000000089c00000, 0x000000008ec00000, 0x00000000d8980000)
  object space 81920K, 12% used [0x0000000089c00000,0x000000008a5cd7d0,0x000000008ec00000)
 Metaspace       used 20074K, capacity 20538K, committed 20864K, reserved 1067008K
  class space    used 2441K, capacity 2581K, committed 2688K, reserved 1048576K
Event: 7.005 GC heap after
Heap after GC invocations=6 (full 0):
 PSYoungGen      total 127488K, used 10221K [0x00000000d8980000, 0x00000000e2080000, 0x0000000100000000)
  eden space 117248K, 0% used [0x00000000d8980000,0x00000000d8980000,0x00000000dfc00000)
  from space 10240K, 99% used [0x00000000e0b80000,0x00000000e157b658,0x00000000e1580000)
  to   space 15872K, 0% used [0x00000000dfc00000,0x00000000dfc00000,0x00000000e0b80000)
 ParOldGen       total 81920K, used 17637K [0x0000000089c00000, 0x000000008ec00000, 0x00000000d8980000)
  object space 81920K, 21% used [0x0000000089c00000,0x000000008ad395d0,0x000000008ec00000)
 Metaspace       used 20074K, capacity 20538K, committed 20864K, reserved 1067008K
  class space    used 2441K, capacity 2581K, committed 2688K, reserved 1048576K
}
Event: 7.722 GC heap before
{Heap before GC invocations=7 (full 0):
 PSYoungGen      total 127488K, used 17334K [0x00000000d8980000, 0x00000000e2080000, 0x0000000100000000)
  eden space 117248K, 6% used [0x00000000d8980000,0x00000000d9072440,0x00000000dfc00000)
  from space 10240K, 99% used [0x00000000e0b80000,0x00000000e157b658,0x00000000e1580000)
  to   space 15872K, 0% used [0x00000000dfc00000,0x00000000dfc00000,0x00000000e0b80000)
 ParOldGen       total 81920K, used 17637K [0x0000000089c00000, 0x000000008ec00000, 0x00000000d8980000)
  object space 81920K, 21% used [0x0000000089c00000,0x000000008ad395d0,0x000000008ec00000)
 Metaspace       used 20811K, capacity 21178K, committed 21296K, reserved 1069056K
  class space    used 2523K, capacity 2645K, committed 2688K, reserved 1048576K

Deoptimization events (10 events):
Event: 3.736 Thread 0x00007feedc008800 Uncommon trap: reason=bimorphic action=maybe_recompile pc=0x00007feecd5d64a8 method=java.util.regex.Pattern$CharProperty.match(Ljava/util/regex/Matcher;ILjava/lang/CharSequence;)Z @ 37
Event: 4.392 Thread 0x00007feedc008800 Uncommon trap: reason=unstable_if action=reinterpret pc=0x00007feecd80f7d8 method=org.eclipse.sisu.plexus.RealmFilteredBeans$FilteredItr.hasNext()Z @ 44
Event: 4.459 Thread 0x00007feedc008800 Uncommon trap: reason=bimorphic action=maybe_recompile pc=0x00007feecd5d64a8 method=java.util.regex.Pattern$CharProperty.match(Ljava/util/regex/Matcher;ILjava/lang/CharSequence;)Z @ 37
Event: 4.471 Thread 0x00007feedc008800 Uncommon trap: reason=unstable_if action=reinterpret pc=0x00007feecd8cd068 method=java.util.ArrayList.remove(Ljava/lang/Object;)Z @ 46
Event: 4.887 Thread 0x00007feedc008800 Uncommon trap: reason=unstable_if action=reinterpret pc=0x00007feecd934f00 method=java.util.jar.Manifest$FastInputStream.readLine([BII)I @ 87
Event: 5.468 Thread 0x00007feedc008800 Uncommon trap: reason=unstable_if action=reinterpret pc=0x00007feecd1e0a34 method=sun.misc.URLClassPath$JarLoader.getResource(Ljava/lang/String;Z)Lsun/misc/Resource; @ 62
Event: 5.715 Thread 0x00007feedc008800 Uncommon trap: reason=unstable_if action=reinterpret pc=0x00007feecd736ff0 method=java.nio.charset.CharsetDecoder.decode(Ljava/nio/ByteBuffer;Ljava/nio/CharBuffer;Z)Ljava/nio/charset/CoderResult; @ 1
Event: 7.113 Thread 0x00007feedc008800 Uncommon trap: reason=bimorphic action=maybe_recompile pc=0x00007feecd5d64a8 method=java.util.regex.Pattern$CharProperty.match(Ljava/util/regex/Matcher;ILjava/lang/CharSequence;)Z @ 37
Event: 7.143 Thread 0x00007feedc008800 Uncommon trap: reason=bimorphic action=maybe_recompile pc=0x00007feecd5d64a8 method=java.util.regex.Pattern$CharProperty.match(Ljava/util/regex/Matcher;ILjava/lang/CharSequence;)Z @ 37
Event: 7.677 Thread 0x00007feedc008800 Uncommon trap: reason=unstable_if action=reinterpret pc=0x00007feecda6189c method=com.sun.tools.javac.util.Name$Table.equals([BI[BII)Z @ 22

Internal exceptions (10 events):
Event: 1.859 Thread 0x00007feedc008800 Exception <a 'java/lang/NullPointerException'> (0x00000000d91730d0) thrown at [/HUDSON/workspace/8-2-build-linux-amd64/jdk8u40/2855/hotspot/src/share/vm/interpreter/linkResolver.cpp, line 1178]
Event: 1.859 Thread 0x00007feedc008800 Exception <a 'java/lang/NullPointerException'> (0x00000000d9173290) thrown at [/HUDSON/workspace/8-2-build-linux-amd64/jdk8u40/2855/hotspot/src/share/vm/interpreter/linkResolver.cpp, line 1178]
Event: 1.860 Thread 0x00007feedc008800 Exception <a 'java/lang/NullPointerException'> (0x00000000d9183248) thrown at [/HUDSON/workspace/8-2-build-linux-amd64/jdk8u40/2855/hotspot/src/share/vm/interpreter/linkResolver.cpp, line 1178]
Event: 1.860 Thread 0x00007feedc008800 Exception <a 'java/lang/NullPointerException'> (0x00000000d9183408) thrown at [/HUDSON/workspace/8-2-build-linux-amd64/jdk8u40/2855/hotspot/src/share/vm/interpreter/linkResolver.cpp, line 1178]
Event: 1.860 Thread 0x00007feedc008800 Exception <a 'java/lang/NullPointerException'> (0x00000000d91835c8) thrown at [/HUDSON/workspace/8-2-build-linux-amd64/jdk8u40/2855/hotspot/src/share/vm/interpreter/linkResolver.cpp, line 1178]
Event: 2.062 Thread 0x00007feedc008800 Implicit null exception at 0x00007feecd3770b5 to 0x00007feecd377299
Event: 2.359 Thread 0x00007feedc008800 Implicit null exception at 0x00007feecd5a5e44 to 0x00007feecd5a6971
Event: 4.525 Thread 0x00007feedc008800 Exception <a 'java/lang/ClassNotFoundException': com/sun/tools/javac/api/JavacTool> (0x00000000d935cf88) thrown at [/HUDSON/workspace/8-2-build-linux-amd64/jdk8u40/2855/hotspot/src/share/vm/classfile/systemDictionary.cpp, line 210]
Event: 6.749 Thread 0x00007feedc008800 Exception <a 'java/io/FileNotFoundException'> (0x00000000db814090) thrown at [/HUDSON/workspace/8-2-build-linux-amd64/jdk8u40/2855/hotspot/src/share/vm/prims/jni.cpp, line 709]
Event: 6.757 Thread 0x00007feedc008800 Exception <a 'java/io/FileNotFoundException'> (0x00000000db848418) thrown at [/HUDSON/workspace/8-2-build-linux-amd64/jdk8u40/2855/hotspot/src/share/vm/prims/jni.cpp, line 709]

Events (10 events):
Event: 7.717 loading class com/sun/tools/javac/code/Kinds done
Event: 7.718 loading class com/sun/tools/javac/code/Kinds$KindName
Event: 7.718 loading class com/sun/tools/javac/code/Kinds$KindName done
Event: 7.718 loading class com/sun/tools/javac/code/Kinds$1
Event: 7.718 loading class com/sun/tools/javac/code/Kinds$1 done
Event: 7.719 loading class com/sun/tools/javac/util/JCDiagnostic$1
Event: 7.719 loading class com/sun/tools/javac/util/JCDiagnostic$1 done
Event: 7.720 loading class com/sun/tools/javac/api/ClientCodeWrapper$DiagnosticSourceUnwrapper
Event: 7.720 loading class com/sun/tools/javac/api/ClientCodeWrapper$DiagnosticSourceUnwrapper done
Event: 7.722 Executing VM operation: CollectForMetadataAllocation


Dynamic libraries:
00400000-00401000 r-xp 00000000 ca:02 58747248                           /usr/jdk64/jdk1.8.0_40/jre/bin/java
00600000-00601000 rw-p 00000000 ca:02 58747248                           /usr/jdk64/jdk1.8.0_40/jre/bin/java
0084c000-0086d000 rw-p 00000000 00:00 0                                  [heap]
89c00000-8ec00000 rw-p 00000000 00:00 0 
8ec00000-d8980000 ---p 00000000 00:00 0 
d8980000-e2080000 rw-p 00000000 00:00 0 
e8c80000-100000000 ---p 00000000 00:00 0 
100000000-1002a0000 rw-p 00000000 00:00 0 
1002a0000-140000000 ---p 00000000 00:00 0 
7fee98000000-7fee98021000 rw-p 00000000 00:00 0 
7fee98021000-7fee9c000000 ---p 00000000 00:00 0 
7fee9c000000-7fee9c021000 rw-p 00000000 00:00 0 
7fee9c021000-7feea0000000 ---p 00000000 00:00 0 
7feea0000000-7feea1db7000 rw-p 00000000 00:00 0 
7feea1db7000-7feea4000000 ---p 00000000 00:00 0 
7feea4000000-7feea4a50000 rw-p 00000000 00:00 0 
7feea4a50000-7feea8000000 ---p 00000000 00:00 0 
7feea8000000-7feea8021000 rw-p 00000000 00:00 0 
7feea8021000-7feeac000000 ---p 00000000 00:00 0 
7feead8d9000-7feead905000 rw-p 00000000 00:00 0 
7feead905000-7feeadad9000 ---p 00000000 00:00 0 
7feeadad9000-7feeb4000000 r--p 00000000 ca:02 565318                     /usr/lib/locale/locale-archive
7feeb4000000-7feeb4021000 rw-p 00000000 00:00 0 
7feeb4021000-7feeb8000000 ---p 00000000 00:00 0 
7feeb8000000-7feeb8021000 rw-p 00000000 00:00 0 
7feeb8021000-7feebc000000 ---p 00000000 00:00 0 
7feebc000000-7feebc289000 rw-p 00000000 00:00 0 
7feebc289000-7feec0000000 ---p 00000000 00:00 0 
7feec0000000-7feec0021000 rw-p 00000000 00:00 0 
7feec0021000-7feec4000000 ---p 00000000 00:00 0 
7feec4178000-7feec4179000 rw-p 00000000 00:00 0 
7feec4179000-7feec417b000 r--s 0000b000 ca:02 50885529                   /home/ec2-user/.m2/repository/org/json/json/20160212/json-20160212.jar
7feec417b000-7feec417d000 r--s 00002000 ca:02 119483467                  /home/ec2-user/.m2/repository/com/github/stephenc/findbugs/findbugs-annotations/1.3.9-1/findbugs-annotations-1.3.9-1.jar
7feec417d000-7feec4194000 r--s 0010e000 ca:02 119483465                  /home/ec2-user/.m2/repository/io/netty/netty/3.6.2.Final/netty-3.6.2.Final.jar
7feec4194000-7feec4196000 r--s 0000e000 ca:02 102032900                  /home/ec2-user/.m2/repository/javax/activation/activation/1.1/activation-1.1.jar
7feec4196000-7feec4198000 r--s 00004000 ca:02 76152029                   /home/ec2-user/.m2/repository/javax/xml/stream/stax-api/1.0-2/stax-api-1.0-2.jar
7feec4198000-7feec419b000 r--s 00017000 ca:02 50997364                   /home/ec2-user/.m2/repository/javax/xml/bind/jaxb-api/2.2.2/jaxb-api-2.2.2.jar
7feec419b000-7feec41b2000 r--s 0017c000 ca:02 134335079                  /home/ec2-user/.m2/repository/org/apache/hadoop/hadoop-yarn-api/2.5.1/hadoop-yarn-api-2.5.1.jar
7feec41b2000-7feec41c6000 r--s 00146000 ca:02 102032898                  /home/ec2-user/.m2/repository/org/apache/hadoop/hadoop-yarn-common/2.5.1/hadoop-yarn-common-2.5.1.jar
7feec41c6000-7feec41de000 r--s 00156000 ca:02 68469565                   /home/ec2-user/.m2/repository/org/apache/hadoop/hadoop-mapreduce-client-core/2.5.1/hadoop-mapreduce-client-core-2.5.1.jar
7feec41de000-7feec41e2000 r--s 00014000 ca:02 93162758                   /home/ec2-user/.m2/repository/org/tukaani/xz/1.0/xz-1.0.jar
7feec41e2000-7feec41e7000 r--s 00036000 ca:02 68469563                   /home/ec2-user/.m2/repository/org/apache/commons/commons-compress/1.4.1/commons-compress-1.4.1.jar
7feec41e7000-7feec41ea000 r--s 0002b000 ca:02 160060979                  /home/ec2-user/.m2/repository/com/jcraft/jsch/0.1.42/jsch-0.1.42.jar
7feec41ea000-7feec41ec000 r--s 000f2000 ca:02 58721826                   /home/ec2-user/.m2/repository/org/xerial/snappy/snappy-java/1.0.4.1/snappy-java-1.0.4.1.jar
7feec41ec000-7feec41ee000 r--s 00006000 ca:02 565343                     /home/ec2-user/.m2/repository/com/thoughtworks/paranamer/paranamer/2.3/paranamer-2.3.jar
7feec41ee000-7feec41f5000 r--s 00044000 ca:02 84298171                   /home/ec2-user/.m2/repository/org/apache/avro/avro/1.7.4/avro-1.7.4.jar
7feec41f5000-7feec41f9000 r--s 0002f000 ca:02 9607683                    /home/ec2-user/.m2/repository/commons-beanutils/commons-beanutils-core/1.8.0/commons-beanutils-core-1.8.0.jar
7feec41f9000-7feec41fe000 r--s 0002a000 ca:02 159622023                  /home/ec2-user/.m2/repository/commons-beanutils/commons-beanutils/1.7.0/commons-beanutils-1.7.0.jar
7feec41fe000-7feec4202000 r--s 00020000 ca:02 102032896                  /home/ec2-user/.m2/repository/commons-digester/commons-digester/1.8/commons-digester-1.8.jar
7feec4202000-7feec4208000 r--s 00043000 ca:02 84298169                   /home/ec2-user/.m2/repository/commons-configuration/commons-configuration/1.6/commons-configuration-1.6.jar
7feec4208000-7feec420d000 r--s 0003e000 ca:02 58721824                   /home/ec2-user/.m2/repository/commons-net/commons-net/3.1/commons-net-3.1.jar
7feec420d000-7feec4213000 r--s 00045000 ca:02 16842885                   /home/ec2-user/.m2/repository/commons-httpclient/commons-httpclient/3.1/commons-httpclient-3.1.jar
7feec4213000-7feec4214000 r--s 00003000 ca:02 160060977                  /home/ec2-user/.m2/repository/xmlenc/xmlenc/0.52/xmlenc-0.52.jar
7feec4214000-7feec4231000 r--s 0016a000 ca:02 134335077                  /home/ec2-user/.m2/repository/org/apache/commons/commons-math3/3.1.1/commons-math3-3.1.1.jar
7feec4231000-7feec4233000 r--s 00009000 ca:02 126591880                  /home/ec2-user/.m2/repository/commons-cli/commons-cli/1.2/commons-cli-1.2.jar
7feec4233000-7feec4235000 r--s 00003000 ca:02 119483463                  /home/ec2-user/.m2/repository/org/apache/hadoop/hadoop-annotations/2.5.1/hadoop-annotations-2.5.1.jar
7feec4235000-7feec4264000 r--s 002a5000 ca:02 50997367                   /home/ec2-user/.m2/repository/org/apache/hadoop/hadoop-common/2.5.1/hadoop-common-2.5.1.jar
7feec4264000-7feec4266000 r--s 00012000 ca:02 134335075                  /home/ec2-user/.m2/repository/org/apache/directory/api/api-util/1.0.0-M20/api-util-1.0.0-M20.jar
7feec4266000-7feec4268000 r--s 00003000 ca:02 84298167                   /home/ec2-user/.m2/repository/org/apache/directory/api/api-asn1-api/1.0.0-M20/api-asn1-api-1.0.0-M20.jar
7feec4268000-7feec4269000 r--s 0000a000 ca:02 59375382                   /home/ec2-user/.m2/repository/org/apache/directory/server/apacheds-i18n/2.0.0-M15/apacheds-i18n-2.0.0-M15.jar
7feec4269000-7feec427b000 r--s 00097000 ca:02 1276344                    /home/ec2-user/.m2/repository/org/apache/directory/server/apacheds-kerberos-codec/2.0.0-M15/apacheds-kerberos-codec-2.0.0-M15.jar
7feec427b000-7feec4281000 r--s 00032000 ca:02 134335073                  /home/ec2-user/.m2/repository/org/apache/httpcomponents/httpcore/4.2.4/httpcore-4.2.4.jar
7feec4281000-7feec428a000 r--s 00061000 ca:02 84298165                   /home/ec2-user/.m2/repository/org/apache/httpcomponents/httpclient/4.2.5/httpclient-4.2.5.jar
7feec428a000-7feec428c000 r--s 0000b000 ca:02 126119901                  /home/ec2-user/.m2/repository/org/apache/hadoop/hadoop-auth/2.5.1/hadoop-auth-2.5.1.jar
7feec428c000-7feec428f000 r--s 0002b000 ca:02 93162755                   /home/ec2-user/.m2/repository/org/jruby/joni/joni/2.1.2/joni-2.1.2.jar
7feec428f000-7feec4298000 r--s 00133000 ca:02 68469561                   /home/ec2-user/.m2/repository/org/jruby/jcodings/jcodings/1.0.8/jcodings-1.0.8.jar
7feec4298000-7feec429c000 r--s 00035000 ca:02 50997362                   /home/ec2-user/.m2/repository/org/codehaus/jackson/jackson-core-asl/1.9.13/jackson-core-asl-1.9.13.jar
7feec429c000-7feec42aa000 r--s 000b1000 ca:02 58720670                   /home/ec2-user/.m2/repository/org/codehaus/jackson/jackson-mapper-asl/1.9.13/jackson-mapper-asl-1.9.13.jar
7feec42aa000-7feec42c3000 r--s 00150000 ca:02 9607677                    /home/ec2-user/.m2/repository/org/apache/htrace/htrace-core/3.1.0-incubating/htrace-core-3.1.0-incubating.jar
7feec42c3000-7feec42e0000 r--s 00196000 ca:02 9607652                    /home/ec2-user/.m2/repository/io/netty/netty-all/4.0.23.Final/netty-all-4.0.23.Final.jar
7feec42e0000-7feec8000000 rw-p 00000000 00:00 0 
7feec8000000-7feec8021000 rw-p 00000000 00:00 0 
7feec8021000-7feecc000000 ---p 00000000 00:00 0 
7feecc000000-7feecc001000 r--s 00002000 ca:02 43032107                   /home/ec2-user/.m2/repository/org/slf4j/slf4j-log4j12/1.6.1/slf4j-log4j12-1.6.1.jar
7feecc001000-7feecc003000 r--s 00005000 ca:02 26244329                   /home/ec2-user/.m2/repository/org/slf4j/slf4j-api/1.6.1/slf4j-api-1.6.1.jar
7feecc003000-7feecc00f000 r--s 000b6000 ca:02 16842883                   /home/ec2-user/.m2/repository/org/apache/zookeeper/zookeeper/3.4.6/zookeeper-3.4.6.jar
7feecc00f000-7feecc017000 r--s 0007b000 ca:02 9607648                    /home/ec2-user/.m2/repository/com/google/protobuf/protobuf-java/2.5.0/protobuf-java-2.5.0.jar
7feecc017000-7feecc01a000 r--s 00006000 ca:02 152654748                  /home/ec2-user/.m2/repository/com/google/code/findbugs/jsr305/1.3.9/jsr305-1.3.9.jar
7feecc01a000-7feecc03c000 r--s 00195000 ca:02 33858938                   /home/ec2-user/.m2/repository/com/google/guava/guava/12.0.1/guava-12.0.1.jar
7feecc03c000-7feecc03e000 r--s 0000e000 ca:02 16842881                   /home/ec2-user/.m2/repository/commons-logging/commons-logging/1.2/commons-logging-1.2.jar
7feecc03e000-7feecc043000 r--s 00041000 ca:02 84250124                   /home/ec2-user/.m2/repository/commons-lang/commons-lang/2.6/commons-lang-2.6.jar
7feecc043000-7feecc047000 r--s 0002a000 ca:02 68469559                   /home/ec2-user/.m2/repository/commons-io/commons-io/2.4/commons-io-2.4.jar
7feecc047000-7feecc04e000 r--s 0003a000 ca:02 50997360                   /home/ec2-user/.m2/repository/commons-codec/commons-codec/1.9/commons-codec-1.9.jar
7feecc04e000-7feecc085000 r--s 003cb000 ca:02 1278899                    /home/ec2-user/.m2/repository/org/apache/hbase/hbase-protocol/1.1.2/hbase-protocol-1.1.2.jar
7feecc085000-7feecc089000 r--s 00028000 ca:02 110788984                  /home/ec2-user/.m2/repository/org/mortbay/jetty/jetty-util/6.1.26/jetty-util-6.1.26.jar
7feecc089000-7feecc097000 r--s 0007f000 ca:02 50964561                   /home/ec2-user/.m2/repository/commons-collections/commons-collections/3.2.1/commons-collections-3.2.1.jar
7feecc097000-7feecc0a0000 r--s 00079000 ca:02 152191545                  /home/ec2-user/.m2/repository/org/apache/hbase/hbase-common/1.1.2/hbase-common-1.1.2.jar
7feecc0a0000-7feecc0a9000 r--s 0006f000 ca:02 134335071                  /home/ec2-user/.m2/repository/log4j/log4j/1.2.17/log4j-1.2.17.jar
7feecc0a9000-7feecc122000 r--s 010e7000 ca:02 92306519                   /usr/jdk64/jdk1.8.0_40/lib/tools.jar
7feecc122000-7feecc124000 r--s 00004000 ca:02 76152027                   /home/ec2-user/.m2/repository/org/apache/hbase/hbase-annotations/1.1.2/hbase-annotations-1.1.2.jar
7feecc124000-7feecc135000 r--s 00120000 ca:02 33858936                   /home/ec2-user/.m2/repository/org/apache/hbase/hbase-client/1.1.2/hbase-client-1.1.2.jar
7feecc135000-7feecc138000 r--s 00030000 ca:02 9424482                    /home/ec2-user/.m2/repository/jline/jline/2.10/jline-2.10.jar
7feecc138000-7feecc13b000 r--s 00017000 ca:02 152191548                  /home/ec2-user/.m2/repository/sqlline/sqlline/1.1.8/sqlline-1.1.8.jar
7feecc13b000-7feecc14c000 r--s 000d1000 ca:02 102027517                  /home/ec2-user/.m2/repository/com/fasterxml/jackson/core/jackson-databind/2.1.1/jackson-databind-2.1.1.jar
7feecc14c000-7feecc14e000 r--s 00007000 ca:02 84298163                   /home/ec2-user/.m2/repository/com/fasterxml/jackson/core/jackson-annotations/2.1.1/jackson-annotations-2.1.1.jar
7feecc14e000-7feecc152000 r--s 0002f000 ca:02 50997358                   /home/ec2-user/.m2/repository/com/fasterxml/jackson/core/jackson-core/2.1.1/jackson-core-2.1.1.jar
7feecc152000-7feecc184000 r--s 002f6000 ca:02 152191543                  /home/ec2-user/.m2/repository/org/apache/calcite/calcite-avatica/1.6.0/calcite-avatica-1.6.0.jar
7feecc184000-7feecc185000 r--s 00002000 ca:02 126119899                  /home/ec2-user/.m2/repository/org/apache/phoenix/phoenix-server-client/4.7.0-HBase-1.1/phoenix-server-client-4.7.0-HBase-1.1.jar
7feecc185000-7feecc18d000 r--s 0009a000 ca:02 18516091                   /home/ec2-user/.m2/repository/org/postgresql/postgresql/9.4-1206-jdbc42/postgresql-9.4-1206-jdbc42.jar
7feecc18d000-7feecc206000 r--s 010e7000 ca:02 92306519                   /usr/jdk64/jdk1.8.0_40/lib/tools.jar
7feecc206000-7feecc406000 rw-p 00000000 00:00 0 
7feecc406000-7feecc409000 r--s 0001b000 ca:02 18535798                   /home/ec2-user/.m2/repository/junit/junit/3.8.2/junit-3.8.2.jar
7feecc409000-7feecc417000 r--s 0008f000 ca:02 126598592                  /home/ec2-user/.m2/repository/com/google/collections/google-collections/1.0/google-collections-1.0.jar
7feecc417000-7feecc418000 r--s 0000a000 ca:02 101968942                  /home/ec2-user/.m2/repository/commons-logging/commons-logging-api/1.1/commons-logging-api-1.1.jar
7feecc418000-7feecc41f000 r--s 00051000 ca:02 84250164                   /home/ec2-user/.m2/repository/log4j/log4j/1.2.12/log4j-1.2.12.jar
7feecc41f000-7feecc423000 r--s 0001d000 ca:02 42983375                   /home/ec2-user/.m2/repository/org/apache/xbean/xbean-reflect/3.4/xbean-reflect-3.4.jar
7feecc423000-7feecc424000 r--s 00004000 ca:02 159622001                  /home/ec2-user/.m2/repository/org/codehaus/plexus/plexus-compiler-javac/2.2/plexus-compiler-javac-2.2.jar
7feecc424000-7feecc426000 r--s 00000000 ca:02 152262511                  /home/ec2-user/.m2/repository/org/codehaus/plexus/plexus-compiler-manager/2.2/plexus-compiler-manager-2.2.jar
7feecc426000-7feecc428000 r--s 00005000 ca:02 134440038                  /home/ec2-user/.m2/repository/org/codehaus/plexus/plexus-compiler-api/2.2/plexus-compiler-api-2.2.jar
7feecc428000-7feecc42a000 r--s 00000000 ca:02 50901022                   /home/ec2-user/.m2/repository/org/codehaus/plexus/plexus-component-annotations/1.5.5/plexus-component-annotations-1.5.5.jar
7feecc42a000-7feecc42c000 r--s 00002000 ca:02 102004586                  /home/ec2-user/.m2/repository/org/apache/maven/shared/maven-shared-incremental/1.1/maven-shared-incremental-1.1.jar
7feecc42c000-7feecc42e000 r--s 00006000 ca:02 42983373                   /home/ec2-user/.m2/repository/com/google/code/findbugs/jsr305/2.0.1/jsr305-2.0.1.jar
7feecc42e000-7feecc431000 r--s 00023000 ca:02 9417752                    /home/ec2-user/.m2/repository/org/apache/maven/shared/maven-shared-utils/0.1/maven-shared-utils-0.1.jar
7feecc431000-7feecc435000 r--s 00030000 ca:02 50901021                   /home/ec2-user/.m2/repository/org/codehaus/plexus/plexus-utils/1.5.1/plexus-utils-1.5.1.jar
7feecc435000-7feecc437000 r--s 00009000 ca:02 125917340                  /home/ec2-user/.m2/repository/org/apache/maven/plugins/maven-compiler-plugin/3.1/maven-compiler-plugin-3.1.jar
7feecc437000-7feecc439000 r--s 0000d000 ca:02 152187012                  /home/ec2-user/.m2/repository/org/codehaus/plexus/plexus-interpolation/1.13/plexus-interpolation-1.13.jar
7feecc439000-7feecc43a000 r--s 00001000 ca:02 126598570                  /home/ec2-user/.m2/repository/org/sonatype/plexus/plexus-build-api/0.0.4/plexus-build-api-0.0.4.jar
7feecc43a000-7feecc43c000 r--s 00009000 ca:02 84250147                   /home/ec2-user/.m2/repository/org/apache/maven/shared/maven-filtering/1.1/maven-filtering-1.1.jar
7feecc43c000-7feecc440000 r--s 00033000 ca:02 43136051                   /home/ec2-user/.m2/repository/org/codehaus/plexus/plexus-utils/2.0.5/plexus-utils-2.0.5.jar
7feecc440000-7feecc443000 r--s 0001b000 ca:02 9417730                    /home/ec2-user/.m2/repository/junit/junit/3.8.1/junit-3.8.1.jar
7feecc443000-7feecc445000 r--s 00002000 ca:02 84832288                   /home/ec2-user/.m2/repository/org/codehaus/plexus/plexus-interactivity-api/1.0-alpha-4/plexus-interactivity-api-1.0-alpha-4.jar
7feecc445000-7feecc447000 r--s 00006000 ca:02 33816558                   /home/ec2-user/.m2/repository/commons-cli/commons-cli/1.0/commons-cli-1.0.jar
7feecc447000-7feecc448000 r--s 00001000 ca:02 126511038                  /home/ec2-user/.m2/repository/org/apache/maven/doxia/doxia-sink-api/1.0-alpha-7/doxia-sink-api-1.0-alpha-7.jar
7feecc448000-7feecc449000 r--s 00002000 ca:02 84832286                   /home/ec2-user/.m2/repository/org/apache/maven/reporting/maven-reporting-api/2.0.6/maven-reporting-api-2.0.6.jar
7feecc449000-7feecc44b000 r--s 00006000 ca:02 119117379                  /home/ec2-user/.m2/repository/org/apache/maven/plugins/maven-resources-plugin/2.6/maven-resources-plugin-2.6.jar
7feecc44b000-7feecc45c000 r-xp 00000000 ca:02 42072472                   /usr/jdk64/jdk1.8.0_40/jre/lib/amd64/libnio.so
7feecc45c000-7feecc65b000 ---p 00011000 ca:02 42072472                   /usr/jdk64/jdk1.8.0_40/jre/lib/amd64/libnio.so
7feecc65b000-7feecc65c000 rw-p 00010000 ca:02 42072472                   /usr/jdk64/jdk1.8.0_40/jre/lib/amd64/libnio.so
7feecc65c000-7feecc672000 r-xp 00000000 ca:02 42072469                   /usr/jdk64/jdk1.8.0_40/jre/lib/amd64/libnet.so
7feecc672000-7feecc872000 ---p 00016000 ca:02 42072469                   /usr/jdk64/jdk1.8.0_40/jre/lib/amd64/libnet.so
7feecc872000-7feecc873000 rw-p 00016000 ca:02 42072469                   /usr/jdk64/jdk1.8.0_40/jre/lib/amd64/libnet.so
7feecc873000-7feecca73000 rw-p 00000000 00:00 0 
7feecca73000-7feecca78000 r--s 00094000 ca:02 83912305                   /usr/jdk64/jdk1.8.0_40/jre/lib/jsse.jar
7feecca78000-7feeccc78000 rw-p 00000000 00:00 0 
7feeccc78000-7feecce78000 rw-p 00000000 00:00 0 
7feecce78000-7feecce83000 r--s 00116000 ca:02 92308269                   /usr/jdk64/jdk1.8.0_40/jre/lib/ext/localedata.jar
7feecce83000-7feecce9f000 r--s 00393000 ca:02 92308263                   /usr/jdk64/jdk1.8.0_40/jre/lib/ext/cldrdata.jar
7feecce9f000-7feeccea0000 r--s 00006000 ca:02 59477889                   /usr/share/apache-maven/lib/plexus-sec-dispatcher-1.3.jar
7feeccea0000-7feeccea3000 r--s 0000d000 ca:02 59477888                   /usr/share/apache-maven/lib/plexus-interpolation-1.21.jar
7feeccea3000-7feeccea5000 r--s 00005000 ca:02 59477893                   /usr/share/apache-maven/lib/slf4j-api-1.7.5.jar
7feeccea5000-7feeccea7000 r--s 00000000 ca:02 59477887                   /usr/share/apache-maven/lib/plexus-component-annotations-1.5.5.jar
7feeccea7000-7feeccea9000 r--s 00002000 ca:02 59477885                   /usr/share/apache-maven/lib/plexus-cipher-1.7.jar
7feeccea9000-7feecceab000 r--s 0000b000 ca:02 59477903                   /usr/share/apache-maven/lib/wagon-provider-api-2.9.jar
7feecceab000-7feeccead000 r--s 0000a000 ca:02 59477873                   /usr/share/apache-maven/lib/maven-plugin-api-3.3.3.jar
7feeccead000-7feecceb2000 r--s 00026000 ca:02 59477870                   /usr/share/apache-maven/lib/maven-model-builder-3.3.3.jar
7feecceb2000-7feeccebb000 r--s 00059000 ca:02 59477892                   /usr/share/apache-maven/lib/sisu-guice-3.2.5-no_aop.jar
7feeccebb000-7feeccebd000 r--s 00025000 ca:02 59477869                   /usr/share/apache-maven/lib/maven-model-3.3.3.jar
7feeccebd000-7feecceeb000 r--s 001f3000 ca:02 59477899                   /usr/share/apache-maven/lib/wagon-http-2.9-shaded.jar
7feecceeb000-7feeccef8000 r--s 0008c000 ca:02 59477865                   /usr/share/apache-maven/lib/maven-core-3.3.3.jar
7feeccef8000-7feecceff000 r--s 0003f000 ca:02 59477863                   /usr/share/apache-maven/lib/maven-compat-3.3.3.jar
7feecceff000-7feeccf00000 ---p 00000000 00:00 0 
7feeccf00000-7feecd000000 rw-p 00000000 00:00 0                          [stack:32182]
7feecd000000-7feecdad0000 rwxp 00000000 00:00 0 
7feecdad0000-7feedc000000 ---p 00000000 00:00 0 
7feedc000000-7feedce4f000 rw-p 00000000 00:00 0 
7feedce4f000-7feee0000000 ---p 00000000 00:00 0 
7feee0000000-7feee0001000 r--s 00002000 ca:02 59477900                   /usr/share/apache-maven/lib/wagon-http-shared-2.9.jar
7feee0001000-7feee0003000 r--s 00013000 ca:02 59477867                   /usr/share/apache-maven/lib/maven-embedder-3.3.3.jar
7feee0003000-7feee0004000 r--s 00002000 ca:02 59477897                   /usr/share/apache-maven/lib/wagon-file-2.9.jar
7feee0004000-7feee0008000 r--s 00038000 ca:02 59477891                   /usr/share/apache-maven/lib/plexus-utils-3.0.20.jar
7feee0008000-7feee0009000 r--s 00003000 ca:02 59477861                   /usr/share/apache-maven/lib/maven-builder-support-3.3.3.jar
7feee0009000-7feee000c000 r--s 0000b000 ca:02 59477859                   /usr/share/apache-maven/lib/maven-artifact-3.3.3.jar
7feee000c000-7feee000d000 r--s 00002000 ca:02 59477895                   /usr/share/apache-maven/lib/slf4j-simple-1.7.5.jar
7feee000d000-7feee000f000 r--s 0000f000 ca:02 59477857                   /usr/share/apache-maven/lib/maven-aether-provider-3.3.3.jar
7feee000f000-7feee0015000 r--s 0002d000 ca:02 59477883                   /usr/share/apache-maven/lib/org.eclipse.sisu.plexus-0.3.0.jar
7feee0015000-7feee0016000 r--s 00001000 ca:02 59473599                   /usr/share/apache-maven/lib/jsr250-api-1.0.jar
7feee0016000-7feee001c000 r--s 00042000 ca:02 59473597                   /usr/share/apache-maven/lib/jsoup-1.7.2.jar
7feee001c000-7feee001d000 r--s 00000000 ca:02 59473596                   /usr/share/apache-maven/lib/javax.inject-1.jar
7feee001d000-7feee0048000 r--s 001f5000 ca:02 59473595                   /usr/share/apache-maven/lib/guava-18.0.jar
7feee0048000-7feee004d000 r--s 00041000 ca:02 59473594                   /usr/share/apache-maven/lib/commons-lang-2.6.jar
7feee004d000-7feee0051000 r--s 00027000 ca:02 59473593                   /usr/share/apache-maven/lib/commons-io-2.2.jar
7feee0051000-7feee0053000 r--s 00009000 ca:02 59473592                   /usr/share/apache-maven/lib/commons-cli-1.2.jar
7feee0053000-7feee0056000 r--s 00008000 ca:02 59473590                   /usr/share/apache-maven/lib/cdi-api-1.0.jar
7feee0056000-7feee0058000 r--s 00000000 ca:02 59473589                   /usr/share/apache-maven/lib/aopalliance-1.0.jar
7feee0058000-7feee005c000 r--s 00020000 ca:02 59473587                   /usr/share/apache-maven/lib/aether-util-1.0.2.v20150114.jar
7feee005c000-7feee0063000 r--s 00055000 ca:02 59477881                   /usr/share/apache-maven/lib/org.eclipse.sisu.inject-0.3.0.jar
7feee0063000-7feee0065000 r--s 00005000 ca:02 59473585                   /usr/share/apache-maven/lib/aether-transport-wagon-1.0.2.v20150114.jar
7feee0065000-7feee0067000 r--s 00006000 ca:02 59473583                   /usr/share/apache-maven/lib/aether-spi-1.0.2.v20150114.jar
7feee0067000-7feee006b000 r--s 00027000 ca:02 59473581                   /usr/share/apache-maven/lib/aether-impl-1.0.2.v20150114.jar
7feee006b000-7feee006d000 r--s 00009000 ca:02 59477878                   /usr/share/apache-maven/lib/maven-settings-builder-3.3.3.jar
7feee006d000-7feee006e000 r--s 00008000 ca:02 59473579                   /usr/share/apache-maven/lib/aether-connector-basic-1.0.2.v20150114.jar
7feee006e000-7feee0073000 r--s 0001d000 ca:02 59473577                   /usr/share/apache-maven/lib/aether-api-1.0.2.v20150114.jar
7feee0073000-7feee0076000 ---p 00000000 00:00 0 
7feee0076000-7feee0174000 rw-p 00000000 00:00 0                          [stack:32181]
7feee0174000-7feee0177000 ---p 00000000 00:00 0 
7feee0177000-7feee0275000 rw-p 00000000 00:00 0                          [stack:32180]
7feee0275000-7feee0278000 ---p 00000000 00:00 0 
7feee0278000-7feee0376000 rw-p 00000000 00:00 0                          [stack:32179]
7feee0376000-7feee0379000 ---p 00000000 00:00 0 
7feee0379000-7feee0477000 rw-p 00000000 00:00 0                          [stack:32178]
7feee0477000-7feee047a000 ---p 00000000 00:00 0 
7feee047a000-7feee0578000 rw-p 00000000 00:00 0                          [stack:32177]
7feee0578000-7feee057b000 ---p 00000000 00:00 0 
7feee057b000-7feee0679000 rw-p 00000000 00:00 0                          [stack:32176]
7feee0679000-7feee067a000 ---p 00000000 00:00 0 
7feee067a000-7feee10f3000 rw-p 00000000 00:00 0                          [stack:32175]
7feee10f3000-7feee12cb000 r--s 03d09000 ca:02 83912290                   /usr/jdk64/jdk1.8.0_40/jre/lib/rt.jar
7feee12cb000-7feee1ef3000 rw-p 00000000 00:00 0 
7feee1ef3000-7feee1ef4000 ---p 00000000 00:00 0 
7feee1ef4000-7feee1ff4000 rw-p 00000000 00:00 0                          [stack:32174]
7feee1ff4000-7feee1ff5000 ---p 00000000 00:00 0 
7feee1ff5000-7feee211d000 rw-p 00000000 00:00 0                          [stack:32173]
7feee211d000-7feee236c000 ---p 00000000 00:00 0 
7feee236c000-7feee2394000 rw-p 00000000 00:00 0 
7feee2394000-7feee25e2000 ---p 00000000 00:00 0 
7feee25e2000-7feee262f000 rw-p 00000000 00:00 0 
7feee262f000-7feee271e000 ---p 00000000 00:00 0 
7feee271e000-7feee274b000 rw-p 00000000 00:00 0 
7feee274b000-7feee2adf000 ---p 00000000 00:00 0 
7feee2adf000-7feee2af9000 r-xp 00000000 ca:02 42072465                   /usr/jdk64/jdk1.8.0_40/jre/lib/amd64/libzip.so
7feee2af9000-7feee2cf9000 ---p 0001a000 ca:02 42072465                   /usr/jdk64/jdk1.8.0_40/jre/lib/amd64/libzip.so
7feee2cf9000-7feee2cfa000 rw-p 0001a000 ca:02 42072465                   /usr/jdk64/jdk1.8.0_40/jre/lib/amd64/libzip.so
7feee2cfa000-7feee2d06000 r-xp 00000000 ca:02 17861680                   /usr/lib64/libnss_files-2.17.so
7feee2d06000-7feee2f05000 ---p 0000c000 ca:02 17861680                   /usr/lib64/libnss_files-2.17.so
7feee2f05000-7feee2f06000 r--p 0000b000 ca:02 17861680                   /usr/lib64/libnss_files-2.17.so
7feee2f06000-7feee2f07000 rw-p 0000c000 ca:02 17861680                   /usr/lib64/libnss_files-2.17.so
7feee2f07000-7feee2f0d000 rw-p 00000000 00:00 0 
7feee2f0d000-7feee2f37000 r-xp 00000000 ca:02 42072460                   /usr/jdk64/jdk1.8.0_40/jre/lib/amd64/libjava.so
7feee2f37000-7feee3137000 ---p 0002a000 ca:02 42072460                   /usr/jdk64/jdk1.8.0_40/jre/lib/amd64/libjava.so
7feee3137000-7feee3139000 rw-p 0002a000 ca:02 42072460                   /usr/jdk64/jdk1.8.0_40/jre/lib/amd64/libjava.so
7feee3139000-7feee3146000 r-xp 00000000 ca:02 42072464                   /usr/jdk64/jdk1.8.0_40/jre/lib/amd64/libverify.so
7feee3146000-7feee3346000 ---p 0000d000 ca:02 42072464                   /usr/jdk64/jdk1.8.0_40/jre/lib/amd64/libverify.so
7feee3346000-7feee3348000 rw-p 0000d000 ca:02 42072464                   /usr/jdk64/jdk1.8.0_40/jre/lib/amd64/libverify.so
7feee3348000-7feee334f000 r-xp 00000000 ca:02 17861692                   /usr/lib64/librt-2.17.so
7feee334f000-7feee354e000 ---p 00007000 ca:02 17861692                   /usr/lib64/librt-2.17.so
7feee354e000-7feee354f000 r--p 00006000 ca:02 17861692                   /usr/lib64/librt-2.17.so
7feee354f000-7feee3550000 rw-p 00007000 ca:02 17861692                   /usr/lib64/librt-2.17.so
7feee3550000-7feee3651000 r-xp 00000000 ca:02 17649434                   /usr/lib64/libm-2.17.so
7feee3651000-7feee3850000 ---p 00101000 ca:02 17649434                   /usr/lib64/libm-2.17.so
7feee3850000-7feee3851000 r--p 00100000 ca:02 17649434                   /usr/lib64/libm-2.17.so
7feee3851000-7feee3852000 rw-p 00101000 ca:02 17649434                   /usr/lib64/libm-2.17.so
7feee3852000-7feee4500000 r-xp 00000000 ca:02 58747310                   /usr/jdk64/jdk1.8.0_40/jre/lib/amd64/server/libjvm.so
7feee4500000-7feee46ff000 ---p 00cae000 ca:02 58747310                   /usr/jdk64/jdk1.8.0_40/jre/lib/amd64/server/libjvm.so
7feee46ff000-7feee47d6000 rw-p 00cad000 ca:02 58747310                   /usr/jdk64/jdk1.8.0_40/jre/lib/amd64/server/libjvm.so
7feee47d6000-7feee481a000 rw-p 00000000 00:00 0 
7feee481a000-7feee49d0000 r-xp 00000000 ca:02 16820084                   /usr/lib64/libc-2.17.so
7feee49d0000-7feee4bd0000 ---p 001b6000 ca:02 16820084                   /usr/lib64/libc-2.17.so
7feee4bd0000-7feee4bd4000 r--p 001b6000 ca:02 16820084                   /usr/lib64/libc-2.17.so
7feee4bd4000-7feee4bd6000 rw-p 001ba000 ca:02 16820084                   /usr/lib64/libc-2.17.so
7feee4bd6000-7feee4bdb000 rw-p 00000000 00:00 0 
7feee4bdb000-7feee4bde000 r-xp 00000000 ca:02 17649432                   /usr/lib64/libdl-2.17.so
7feee4bde000-7feee4ddd000 ---p 00003000 ca:02 17649432                   /usr/lib64/libdl-2.17.so
7feee4ddd000-7feee4dde000 r--p 00002000 ca:02 17649432                   /usr/lib64/libdl-2.17.so
7feee4dde000-7feee4ddf000 rw-p 00003000 ca:02 17649432                   /usr/lib64/libdl-2.17.so
7feee4ddf000-7feee4df4000 r-xp 00000000 ca:02 50632063                   /usr/jdk64/jdk1.8.0_40/jre/lib/amd64/jli/libjli.so
7feee4df4000-7feee4ff4000 ---p 00015000 ca:02 50632063                   /usr/jdk64/jdk1.8.0_40/jre/lib/amd64/jli/libjli.so
7feee4ff4000-7feee4ff5000 rw-p 00015000 ca:02 50632063                   /usr/jdk64/jdk1.8.0_40/jre/lib/amd64/jli/libjli.so
7feee4ff5000-7feee500b000 r-xp 00000000 ca:02 17861688                   /usr/lib64/libpthread-2.17.so
7feee500b000-7feee520b000 ---p 00016000 ca:02 17861688                   /usr/lib64/libpthread-2.17.so
7feee520b000-7feee520c000 r--p 00016000 ca:02 17861688                   /usr/lib64/libpthread-2.17.so
7feee520c000-7feee520d000 rw-p 00017000 ca:02 17861688                   /usr/lib64/libpthread-2.17.so
7feee520d000-7feee5211000 rw-p 00000000 00:00 0 
7feee5211000-7feee5232000 r-xp 00000000 ca:02 16819156                   /usr/lib64/ld-2.17.so
7feee5232000-7feee531c000 rw-p 00000000 00:00 0 
7feee531c000-7feee5324000 rw-s 00000000 ca:02 119481250                  /tmp/hsperfdata_ec2-user/32163
7feee5324000-7feee5327000 ---p 00000000 00:00 0 
7feee5327000-7feee5429000 rw-p 00000000 00:00 0                          [stack:32172]
7feee5429000-7feee542b000 r--s 00005000 ca:02 59477875                   /usr/share/apache-maven/lib/maven-repository-metadata-3.3.3.jar
7feee542b000-7feee542d000 r--s 00009000 ca:02 59477877                   /usr/share/apache-maven/lib/maven-settings-3.3.3.jar
7feee542d000-7feee542f000 r--s 0000b000 ca:02 50963126                   /usr/share/apache-maven/boot/plexus-classworlds-2.5.2.jar
7feee542f000-7feee5430000 rw-p 00000000 00:00 0 
7feee5430000-7feee5431000 ---p 00000000 00:00 0 
7feee5431000-7feee5432000 rw-p 00000000 00:00 0 
7feee5432000-7feee5433000 r--p 00021000 ca:02 16819156                   /usr/lib64/ld-2.17.so
7feee5433000-7feee5434000 rw-p 00022000 ca:02 16819156                   /usr/lib64/ld-2.17.so
7feee5434000-7feee5435000 rw-p 00000000 00:00 0 
7ffc2cd07000-7ffc2cd28000 rw-p 00000000 00:00 0                          [stack]
7ffc2cd56000-7ffc2cd58000 r-xp 00000000 00:00 0                          [vdso]
ffffffffff600000-ffffffffff601000 r-xp 00000000 00:00 0                  [vsyscall]

VM Arguments:
jvm_args: -Dclassworlds.conf=/usr/share/apache-maven/bin/m2.conf -Dmaven.home=/usr/share/apache-maven -Dmaven.multiModuleProjectDirectory=/home/ec2-user/bdmt-dbc 
java_command: org.codehaus.plexus.classworlds.launcher.Launcher package
java_class_path (initial): /usr/share/apache-maven/boot/plexus-classworlds-2.5.2.jar
Launcher Type: SUN_STANDARD

Environment Variables:
JAVA_HOME=/usr/jdk64/jdk1.8.0_40/jre
CLASSPATH=.:.::/usr/lib/hadoop/lib/native/:/usr/lib/hadoop/
PATH=/usr/lib64/qt-3.3/bin:/usr/local/bin:/usr/bin:/usr/local/sbin:/usr/sbin:/home/ec2-user/.local/bin:/home/ec2-user/bin
SHELL=/bin/bash

Signal Handlers:
SIGSEGV: [libjvm.so+0xaad2e0], sa_mask[0]=11111111011111111101111111111110, sa_flags=SA_RESTART|SA_SIGINFO
SIGBUS: [libjvm.so+0xaad2e0], sa_mask[0]=11111111011111111101111111111110, sa_flags=SA_RESTART|SA_SIGINFO
SIGFPE: [libjvm.so+0x90b550], sa_mask[0]=11111111011111111101111111111110, sa_flags=SA_RESTART|SA_SIGINFO
SIGPIPE: [libjvm.so+0x90b550], sa_mask[0]=11111111011111111101111111111110, sa_flags=SA_RESTART|SA_SIGINFO
SIGXFSZ: [libjvm.so+0x90b550], sa_mask[0]=11111111011111111101111111111110, sa_flags=SA_RESTART|SA_SIGINFO
SIGILL: [libjvm.so+0x90b550], sa_mask[0]=11111111011111111101111111111110, sa_flags=SA_RESTART|SA_SIGINFO
SIGUSR1: SIG_DFL, sa_mask[0]=00000000000000000000000000000000, sa_flags=none
SIGUSR2: [libjvm.so+0x90cb90], sa_mask[0]=00000000000000000000000000000000, sa_flags=SA_RESTART|SA_SIGINFO
SIGHUP: [libjvm.so+0x90dee0], sa_mask[0]=11111111011111111101111111111110, sa_flags=SA_RESTART|SA_SIGINFO
SIGINT: [libjvm.so+0x90dee0], sa_mask[0]=11111111011111111101111111111110, sa_flags=SA_RESTART|SA_SIGINFO
SIGTERM: [libjvm.so+0x90dee0], sa_mask[0]=11111111011111111101111111111110, sa_flags=SA_RESTART|SA_SIGINFO
SIGQUIT: [libjvm.so+0x90dee0], sa_mask[0]=11111111011111111101111111111110, sa_flags=SA_RESTART|SA_SIGINFO


---------------  S Y S T E M  ---------------

OS:Red Hat Enterprise Linux Server release 7.2 (Maipo)

uname:Linux 3.10.0-327.10.1.el7.x86_64 #1 SMP Sat Jan 23 04:54:55 EST 2016 x86_64
libc:glibc 2.17 NPTL 2.17 
rlimit: STACK 8192k, CORE 0k, NPROC 4096, NOFILE 4096, AS infinity
load average:0.86 0.34 0.49

/proc/meminfo:
MemTotal:        7747768 kB
MemFree:          134144 kB
MemAvailable:      70808 kB
Buffers:               0 kB
Cached:            95104 kB
SwapCached:            0 kB
Active:          7354756 kB
Inactive:          47600 kB
Active(anon):    7350452 kB
Inactive(anon):    41572 kB
Active(file):       4304 kB
Inactive(file):     6028 kB
Unevictable:           0 kB
Mlocked:               0 kB
SwapTotal:             0 kB
SwapFree:              0 kB
Dirty:                24 kB
Writeback:             0 kB
AnonPages:       7307672 kB
Mapped:            23288 kB
Shmem:             84352 kB
Slab:              77692 kB
SReclaimable:      31916 kB
SUnreclaim:        45776 kB
KernelStack:       24208 kB
PageTables:        35820 kB
NFS_Unstable:          0 kB
Bounce:                0 kB
WritebackTmp:          0 kB
CommitLimit:     3873884 kB
Committed_AS:   11465504 kB
VmallocTotal:   34359738367 kB
VmallocUsed:       23884 kB
VmallocChunk:   34359709436 kB
HardwareCorrupted:     0 kB
AnonHugePages:   4214784 kB
HugePages_Total:       0
HugePages_Free:        0
HugePages_Rsvd:        0
HugePages_Surp:        0
Hugepagesize:       2048 kB
DirectMap4k:       59392 kB
DirectMap2M:     8329216 kB


CPU:total 2 (1 cores per cpu, 2 threads per core) family 6 model 63 stepping 2, cmov, cx8, fxsr, mmx, sse, sse2, sse3, ssse3, sse4.1, sse4.2, popcnt, avx, avx2, aes, clmul, erms, lzcnt, ht, tsc, bmi1, bmi2

/proc/cpuinfo:
processor	: 0
vendor_id	: GenuineIntel
cpu family	: 6
model		: 63
model name	: Intel(R) Xeon(R) CPU E5-2676 v3 @ 2.40GHz
stepping	: 2
microcode	: 0x25
cpu MHz		: 2400.078
cache size	: 30720 KB
physical id	: 0
siblings	: 2
core id		: 0
cpu cores	: 1
apicid		: 0
initial apicid	: 0
fpu		: yes
fpu_exception	: yes
cpuid level	: 13
wp		: yes
flags		: fpu vme de pse tsc msr pae mce cx8 apic sep mtrr pge mca cmov pat pse36 clflush mmx fxsr sse sse2 ht syscall nx rdtscp lm constant_tsc rep_good nopl xtopology eagerfpu pni pclmulqdq ssse3 fma cx16 pcid sse4_1 sse4_2 x2apic movbe popcnt tsc_deadline_timer aes xsave avx f16c rdrand hypervisor lahf_lm abm fsgsbase bmi1 avx2 smep bmi2 erms invpcid xsaveopt
bogomips	: 4800.15
clflush size	: 64
cache_alignment	: 64
address sizes	: 46 bits physical, 48 bits virtual
power management:

processor	: 1
vendor_id	: GenuineIntel
cpu family	: 6
model		: 63
model name	: Intel(R) Xeon(R) CPU E5-2676 v3 @ 2.40GHz
stepping	: 2
microcode	: 0x25
cpu MHz		: 2400.078
cache size	: 30720 KB
physical id	: 0
siblings	: 2
core id		: 0
cpu cores	: 1
apicid		: 1
initial apicid	: 1
fpu		: yes
fpu_exception	: yes
cpuid level	: 13
wp		: yes
flags		: fpu vme de pse tsc msr pae mce cx8 apic sep mtrr pge mca cmov pat pse36 clflush mmx fxsr sse sse2 ht syscall nx rdtscp lm constant_tsc rep_good nopl xtopology eagerfpu pni pclmulqdq ssse3 fma cx16 pcid sse4_1 sse4_2 x2apic movbe popcnt tsc_deadline_timer aes xsave avx f16c rdrand hypervisor lahf_lm abm fsgsbase bmi1 avx2 smep bmi2 erms invpcid xsaveopt
bogomips	: 4800.15
clflush size	: 64
cache_alignment	: 64
address sizes	: 46 bits physical, 48 bits virtual
power management:



Memory: 4k page, physical 7747768k(134144k free), swap 0k(0k free)

vm_info: Java HotSpot(TM) 64-Bit Server VM (25.40-b25) for linux-amd64 JRE (1.8.0_40-b25), built on Feb 10 2015 21:29:53 by "java_re" with gcc 4.3.0 20080428 (Red Hat 4.3.0-8)

time: Mon Apr 25 22:06:50 2016
elapsed time: 11 seconds (0d 0h 0m 11s)

